ISim log file
Running: C:\.Xilinx\xilinx\P6\mips_tb_isim_beh.exe -intstyle ise -gui -tclbatch isim.cmd -wdb C:/.Xilinx/xilinx/P6/mips_tb_isim_beh.wdb 
ISim P.20131013 (signature 0x7708f090)
This is a Full version of ISim.
Time resolution is 1 ps
# onerror resume
# wave add /
# run 1000 ns
Simulator is doing circuit initialization process.
Finished circuit initialization process.
                  70@00000000: $ 0 <= 00000000
                  90@00003000: $ 1 <= 00000054
                  90@00003004: *00000000 <= 00000054
                 130@00003008: $ 1 <= 00000040
                 130@0000300c: *00000004 <= 00000040
                 170@00003010: $ 1 <= 00000064
                 170@00003014: *00000008 <= 00000064
                 210@00003018: $ 1 <= 00000018
                 210@0000301c: *0000000c <= 00000018
                 250@00003020: $ 1 <= 0000001c
                 250@00003024: *00000010 <= 0000001c
                 290@00003028: $ 1 <= 00000024
                 290@0000302c: *00000014 <= 00000024
                 330@00003030: $ 1 <= 00000058
                 330@00003034: *00000018 <= 00000058
                 370@00003038: $ 1 <= 00000004
                 370@0000303c: *0000001c <= 00000004
                 410@00003040: $ 1 <= 000000c0
                 410@00003044: *00000020 <= 000000c0
                 450@00003048: $ 1 <= 0000009c
                 450@0000304c: *00000024 <= 0000009c
                 490@00003050: $ 1 <= 0000004c
                 490@00003054: *00000028 <= 0000004c
                 530@00003058: $ 1 <= 00000090
                 530@0000305c: *0000002c <= 00000090
                 570@00003060: $ 1 <= 00000080
                 570@00003064: *00000030 <= 00000080
                 610@00003068: $ 1 <= 00000050
                 610@0000306c: *00000034 <= 00000050
                 650@00003070: $ 1 <= 00000010
                 650@00003074: *00000038 <= 00000010
                 690@00003078: $ 1 <= 00000044
                 690@0000307c: *0000003c <= 00000044
                 730@00003080: $ 1 <= 00000074
                 730@00003084: *00000040 <= 00000074
                 770@00003088: $ 1 <= 0000003c
                 770@0000308c: *00000044 <= 0000003c
                 810@00003090: $ 1 <= 00000034
                 810@00003094: *00000048 <= 00000034
                 850@00003098: $ 1 <= 00000028
                 850@0000309c: *0000004c <= 00000028
                 890@000030a0: $ 1 <= 00000048
                 890@000030a4: *00000050 <= 00000048
                 930@000030a8: $ 1 <= 0000008c
                 930@000030ac: *00000054 <= 0000008c
                 970@000030b0: $ 1 <= 000000c4
                 970@000030b4: *00000058 <= 000000c4
# run 1.00us
                1010@000030b8: $ 1 <= 00000038
                1010@000030bc: *0000005c <= 00000038
                1050@000030c0: $ 1 <= 00000014
                1050@000030c4: *00000060 <= 00000014
                1090@000030c8: $ 1 <= 000000c8
                1090@000030cc: *00000064 <= 000000c8
                1130@000030d0: $ 1 <= 00000098
                1130@000030d4: *00000068 <= 00000098
                1170@000030d8: $ 1 <= 00000068
                1170@000030dc: *0000006c <= 00000068
                1210@000030e0: $ 1 <= 00000060
                1210@000030e4: *00000070 <= 00000060
                1250@000030e8: $ 1 <= 00000088
                1250@000030ec: *00000074 <= 00000088
                1290@000030f0: $ 1 <= 000000bc
                1290@000030f4: *00000078 <= 000000bc
                1330@000030f8: $ 1 <= 00000084
                1330@000030fc: *0000007c <= 00000084
                1370@00003100: $ 1 <= 000000b8
                1370@00003104: *00000080 <= 000000b8
                1410@00003108: $ 1 <= 000000b4
                1410@0000310c: *00000084 <= 000000b4
                1450@00003110: $ 1 <= 0000000c
                1450@00003114: *00000088 <= 0000000c
                1490@00003118: $ 1 <= 000000a0
                1490@0000311c: *0000008c <= 000000a0
                1530@00003120: $ 1 <= 00000030
                1530@00003124: *00000090 <= 00000030
                1570@00003128: $ 1 <= 000000ac
                1570@0000312c: *00000094 <= 000000ac
                1610@00003130: $ 1 <= 00000008
                1610@00003134: *00000098 <= 00000008
                1650@00003138: $ 1 <= 00000020
                1650@0000313c: *0000009c <= 00000020
                1690@00003140: $ 1 <= 0000006c
                1690@00003144: *000000a0 <= 0000006c
                1730@00003148: $ 1 <= 00000094
                1730@0000314c: *000000a4 <= 00000094
                1770@00003150: $ 1 <= 00000070
                1770@00003154: *000000a8 <= 00000070
                1810@00003158: $ 1 <= 00000078
                1810@0000315c: *000000ac <= 00000078
                1850@00003160: $ 1 <= 0000005c
                1850@00003164: *000000b0 <= 0000005c
                1890@00003168: $ 1 <= 0000002c
                1890@0000316c: *000000b4 <= 0000002c
                1930@00003170: $ 1 <= 0000007c
                1930@00003174: *000000b8 <= 0000007c
                1970@00003178: $ 1 <= 000000b0
                1970@0000317c: *000000bc <= 000000b0
# run 1.00us
                2010@00003180: $ 1 <= 000000a8
                2010@00003184: *000000c0 <= 000000a8
                2050@00003188: $ 1 <= 000000a4
                2050@0000318c: *000000c4 <= 000000a4
                2090@00003190: $ 0 <= 000000fc
                2110@00003194: $ 1 <= 000000fc
                2130@00003198: $ 2 <= 000000fc
                2150@0000319c: $ 3 <= 000000fc
                2170@000031a0: $ 4 <= 000000fc
                2190@000031a4: $ 5 <= 000000fc
                2210@000031a8: $ 6 <= 000000fc
                2230@000031ac: $ 7 <= 000000fc
                2250@000031b0: $ 8 <= 000000fc
                2270@000031b4: $ 9 <= 000000fc
                2290@000031b8: $10 <= 000000fc
                2310@000031bc: $11 <= 000000fc
                2330@000031c0: $12 <= 000000fc
                2350@000031c4: $13 <= 000000fc
                2370@000031c8: $14 <= 000000fc
                2390@000031cc: $15 <= 000000fc
                2410@000031d0: $16 <= 000000fc
                2430@000031d4: $17 <= 000000fc
                2450@000031d8: $18 <= 000000fc
                2470@000031dc: $19 <= 000000fc
                2490@000031e0: $20 <= 000000fc
                2510@000031e4: $21 <= 000000fc
                2530@000031e8: $22 <= 000000fc
                2550@000031ec: $23 <= 000000fc
                2570@000031f0: $24 <= 000000fc
                2590@000031f4: $25 <= 000000fc
                2610@000031f8: $26 <= 000000fc
                2630@000031fc: $27 <= 000000fc
                2650@00003200: $28 <= 000000fc
                2670@00003204: $29 <= 000000fc
                2690@00003208: $30 <= 000000fc
                2710@0000320c: $31 <= 000000fc
                2730@00003210: $ 4 <= 00003220
                2770@00003214: $15 <= 0000321c
                2790@00003218: $13 <= 0000004c
                2850@00003224: $15 <= 0000005c
                2870@00003228: $ 1 <= 00000000
                2890@0000322c: $ 2 <= 0000004c
                2910@00003230: $ 1 <= 00000041
                2930@00003234: $ 4 <= 00003244
                2970@00003238: $ 0 <= 00003240
                2990@0000323c: $ 0 <= 0000008c
# run 1.00us
                3030@00003248: $16 <= 00000001
                3050@0000324c: $ 1 <= 000000fc
                3070@00003250: $ 2 <= 0000004c
                3090@00003254: $ 4 <= 00003264
                3130@00003258: $19 <= 00003260
                3150@0000325c: $19 <= 00000018
                3430@00003268: $19 <= 00000030
                3450@0000326c: $ 1 <= 00000001
                3470@00003270: $ 2 <= 00000000
                3490@00003274: $ 2 <= 00000030
                3510@00003278: $ 4 <= 00003288
                3550@0000327c: $15 <= 00003284
                3570@00003280: $14 <= 00000090
                3850@0000328c: $14 <= 00000ca1
                3870@00003290: $ 1 <= 00000059
                3890@00003294: $ 2 <= 00000074
                3910@00003298: $ 4 <= 000032a8
                3950@0000329c: $ 0 <= 000032a4
                3970@000032a0: $ 0 <= 00000020
# run 1.00us
                4130@000032ac: $ 0 <= 0000003f
                4150@000032b0: $ 1 <= 0000f810
                4170@000032b4: $ 2 <= 00000000
                4190@000032b8: $ 2 <= 00000089
                4210@000032bc: $ 4 <= 000032cc
                4250@000032c0: $20 <= 000032c8
                4270@000032c4: $20 <= 000000ac
                4450@000032d0: $20 <= 000000b8
                4470@000032d4: $ 1 <= 00007390
                4490@000032d8: $ 2 <= 00000000
                4510@000032dc: $ 2 <= 000000b9
                4530@000032e0: $ 4 <= 000032f0
                4570@000032e4: $15 <= 000032ec
                4590@000032e8: $15 <= 00000040
                4650@000032f4: $15 <= 00000068
                4670@000032f8: $ 1 <= 00007390
                4690@000032fc: $ 2 <= 00000040
                4710@00003300: $ 4 <= 00003310
                4750@00003304: $19 <= 0000330c
                4770@00003308: $ 0 <= 000000b8
                4810@00003314: $19 <= 000000bc
                4830@00003318: $ 1 <= 0000330c
                4850@0000331c: $ 2 <= 00000040
                4870@00003320: $ 4 <= 00003330
                4910@00003324: $21 <= 0000332c
                4930@00003328: $21 <= 000000c4
# run 1.00us
                5190@00003334: *00000168 <= 000000c4
                5230@00003338: $ 1 <= 00000001
                5250@0000333c: $ 2 <= 00000000
                5270@00003340: $ 2 <= 00000055
                5290@00003344: $ 4 <= 00003354
                5330@00003348: $15 <= 00003350
                5350@0000334c: $16 <= 00000034
                5590@00003358: *00000154 <= 00003350
                5630@0000335c: $ 1 <= 00000001
                5650@00003360: $ 2 <= 00000000
                5670@00003364: $ 2 <= 0000002d
                5690@00003368: $ 4 <= 00003378
                5730@0000336c: $ 0 <= 00003374
                5750@00003370: $22 <= 000000c0
                5910@0000337c: *00000148 <= 00000000
                5950@00003380: $ 1 <= 00000000
                5970@00003384: $ 2 <= 00000000
                5990@00003388: $ 1 <= 000000f4
# run 1.00us
                6010@0000338c: $ 2 <= 00000030
                6030@00003390: $ 4 <= 000033a0
                6070@00003394: $22 <= 0000339c
                6090@00003398: $22 <= 000000c8
                6290@000033a8: $ 1 <= 00009c40
                6310@000033ac: $ 2 <= 000000c8
                6330@000033b0: $ 4 <= 000033c0
                6370@000033b4: $15 <= 000033bc
                6390@000033b8: $17 <= 00000020
                6690@000033c8: $ 1 <= 00000001
                6710@000033cc: $ 2 <= 00000000
                6730@000033d0: $ 2 <= 000000b3
                6750@000033d4: $ 4 <= 000033e4
                6790@000033d8: $ 3 <= 000033e0
                6810@000033dc: $ 0 <= 00000010
# run 1.00us
                7210@000033ec: $ 1 <= 00000000
                7230@000033f0: $ 2 <= 00000000
                7250@000033f4: $ 1 <= 0000006f
                7270@000033f8: $ 2 <= 000000f0
                7290@000033fc: $ 4 <= 0000340c
                7330@00003400: $23 <= 00003408
                7350@00003404: $23 <= ffffff98
                7550@00003414: $23 <= ffffff99
                7570@0000341c: $ 1 <= 00002a40
                7590@00003420: $ 2 <= ffffff30
                7610@00003424: $ 4 <= 00003434
                7650@00003428: $15 <= 00003430
                7670@0000342c: $15 <= 00000098
                7730@0000343c: $18 <= 00000001
                7750@00003444: $ 1 <= 00002a40
                7770@00003448: $ 2 <= 000000fc
                7790@0000344c: $ 4 <= 0000345c
                7830@00003450: $15 <= 00003458
                7850@00003454: $ 0 <= 00000008
                7910@00003464: $15 <= 00003459
                7930@0000346c: $ 1 <= 00000000
                7950@00003470: $ 2 <= 000000fc
                7970@00003474: $ 1 <= 00000050
                7990@00003478: $ 4 <= 00003488
# run 1.00us
                8030@0000347c: $24 <= 00003484
                8050@00003480: $24 <= 00000080
                8350@00003490: $24 <= 00000001
                8370@00003494: $ 0 <= 00000002
                8390@00003498: $ 1 <= 00000001
                8410@0000349c: $ 2 <= 00000000
                8430@000034a0: $ 2 <= 00000034
                8450@000034a4: $ 4 <= 000034b4
                8490@000034a8: $15 <= 000034b0
                8510@000034ac: $19 <= 00000054
                8810@000034bc: $19 <= 00000055
                8830@000034c0: $19 <= 00000056
                8850@000034c4: $ 1 <= 00000000
                8870@000034c8: $ 2 <= 00000054
                8890@000034cc: $ 1 <= 00000090
                8910@000034d0: $ 4 <= 000034e0
                8950@000034d4: $23 <= 000034dc
                8970@000034d8: $ 0 <= ffffffb4
# run 1.00us
                9150@000034e8: $23 <= 00000001
                9170@000034ec: $ 0 <= 00000002
                9190@000034f0: $ 1 <= 00000000
                9210@000034f4: $ 2 <= 00000000
                9230@000034f8: $ 1 <= 000000e4
                9250@000034fc: $ 2 <= 00000030
                9270@00003500: $ 4 <= 00003510
                9310@00003504: $25 <= 0000350c
                9330@00003508: $25 <= 00000088
                9530@00003518: $25 <= 00000089
                9550@00003520: $ 1 <= 00004840
                9570@00003524: $ 2 <= 00000000
                9590@00003528: $ 2 <= 0000006b
                9610@0000352c: $ 4 <= 0000353c
                9650@00003530: $15 <= 00003538
                9670@00003534: $15 <= 00000080
                9750@00003544: $15 <= 00000081
                9770@0000354c: $ 1 <= 00004840
                9790@00003550: $ 2 <= 00000080
                9810@00003554: $ 4 <= 00003564
                9850@00003558: $ 0 <= 00003560
                9870@0000355c: $ 0 <= 00000054
                9930@0000356c: $ 0 <= 00000001
                9950@00003570: $ 0 <= 00000001
                9970@00003574: $ 1 <= 00000080
                9990@00003578: $ 2 <= 00000080
ISim P.20131013 (signature 0x7708f090)
This is a Full version of ISim.
# run 1000 ns
Simulator is doing circuit initialization process.
Finished circuit initialization process.
                  70@00000000: $ 0 <= 00000000
                  90@00003000: $ 1 <= 00000054
                  90@00003004: *00000000 <= 00000054
                 130@00003008: $ 1 <= 00000040
                 130@0000300c: *00000004 <= 00000040
                 170@00003010: $ 1 <= 00000064
                 170@00003014: *00000008 <= 00000064
                 210@00003018: $ 1 <= 00000018
                 210@0000301c: *0000000c <= 00000018
                 250@00003020: $ 1 <= 0000001c
                 250@00003024: *00000010 <= 0000001c
                 290@00003028: $ 1 <= 00000024
                 290@0000302c: *00000014 <= 00000024
                 330@00003030: $ 1 <= 00000058
                 330@00003034: *00000018 <= 00000058
                 370@00003038: $ 1 <= 00000004
                 370@0000303c: *0000001c <= 00000004
                 410@00003040: $ 1 <= 000000c0
                 410@00003044: *00000020 <= 000000c0
                 450@00003048: $ 1 <= 0000009c
                 450@0000304c: *00000024 <= 0000009c
                 490@00003050: $ 1 <= 0000004c
                 490@00003054: *00000028 <= 0000004c
                 530@00003058: $ 1 <= 00000090
                 530@0000305c: *0000002c <= 00000090
                 570@00003060: $ 1 <= 00000080
                 570@00003064: *00000030 <= 00000080
                 610@00003068: $ 1 <= 00000050
                 610@0000306c: *00000034 <= 00000050
                 650@00003070: $ 1 <= 00000010
                 650@00003074: *00000038 <= 00000010
                 690@00003078: $ 1 <= 00000044
                 690@0000307c: *0000003c <= 00000044
                 730@00003080: $ 1 <= 00000074
                 730@00003084: *00000040 <= 00000074
                 770@00003088: $ 1 <= 0000003c
                 770@0000308c: *00000044 <= 0000003c
                 810@00003090: $ 1 <= 00000034
                 810@00003094: *00000048 <= 00000034
                 850@00003098: $ 1 <= 00000028
                 850@0000309c: *0000004c <= 00000028
                 890@000030a0: $ 1 <= 00000048
                 890@000030a4: *00000050 <= 00000048
                 930@000030a8: $ 1 <= 0000008c
                 930@000030ac: *00000054 <= 0000008c
                 970@000030b0: $ 1 <= 000000c4
                 970@000030b4: *00000058 <= 000000c4
# run 1.00us
                1010@000030b8: $ 1 <= 00000038
                1010@000030bc: *0000005c <= 00000038
                1050@000030c0: $ 1 <= 00000014
                1050@000030c4: *00000060 <= 00000014
                1090@000030c8: $ 1 <= 000000c8
                1090@000030cc: *00000064 <= 000000c8
                1130@000030d0: $ 1 <= 00000098
                1130@000030d4: *00000068 <= 00000098
                1170@000030d8: $ 1 <= 00000068
                1170@000030dc: *0000006c <= 00000068
                1210@000030e0: $ 1 <= 00000060
                1210@000030e4: *00000070 <= 00000060
                1250@000030e8: $ 1 <= 00000088
                1250@000030ec: *00000074 <= 00000088
                1290@000030f0: $ 1 <= 000000bc
                1290@000030f4: *00000078 <= 000000bc
                1330@000030f8: $ 1 <= 00000084
                1330@000030fc: *0000007c <= 00000084
                1370@00003100: $ 1 <= 000000b8
                1370@00003104: *00000080 <= 000000b8
                1410@00003108: $ 1 <= 000000b4
                1410@0000310c: *00000084 <= 000000b4
                1450@00003110: $ 1 <= 0000000c
                1450@00003114: *00000088 <= 0000000c
                1490@00003118: $ 1 <= 000000a0
                1490@0000311c: *0000008c <= 000000a0
                1530@00003120: $ 1 <= 00000030
                1530@00003124: *00000090 <= 00000030
                1570@00003128: $ 1 <= 000000ac
                1570@0000312c: *00000094 <= 000000ac
                1610@00003130: $ 1 <= 00000008
                1610@00003134: *00000098 <= 00000008
                1650@00003138: $ 1 <= 00000020
                1650@0000313c: *0000009c <= 00000020
                1690@00003140: $ 1 <= 0000006c
                1690@00003144: *000000a0 <= 0000006c
                1730@00003148: $ 1 <= 00000094
                1730@0000314c: *000000a4 <= 00000094
                1770@00003150: $ 1 <= 00000070
                1770@00003154: *000000a8 <= 00000070
                1810@00003158: $ 1 <= 00000078
                1810@0000315c: *000000ac <= 00000078
                1850@00003160: $ 1 <= 0000005c
                1850@00003164: *000000b0 <= 0000005c
                1890@00003168: $ 1 <= 0000002c
                1890@0000316c: *000000b4 <= 0000002c
                1930@00003170: $ 1 <= 0000007c
                1930@00003174: *000000b8 <= 0000007c
                1970@00003178: $ 1 <= 000000b0
                1970@0000317c: *000000bc <= 000000b0
# run 1.00us
                2010@00003180: $ 1 <= 000000a8
                2010@00003184: *000000c0 <= 000000a8
                2050@00003188: $ 1 <= 000000a4
                2050@0000318c: *000000c4 <= 000000a4
                2090@00003190: $ 0 <= 000000fc
                2110@00003194: $ 1 <= 000000fc
                2130@00003198: $ 2 <= 000000fc
                2150@0000319c: $ 3 <= 000000fc
                2170@000031a0: $ 4 <= 000000fc
                2190@000031a4: $ 5 <= 000000fc
                2210@000031a8: $ 6 <= 000000fc
                2230@000031ac: $ 7 <= 000000fc
                2250@000031b0: $ 8 <= 000000fc
                2270@000031b4: $ 9 <= 000000fc
                2290@000031b8: $10 <= 000000fc
                2310@000031bc: $11 <= 000000fc
                2330@000031c0: $12 <= 000000fc
                2350@000031c4: $13 <= 000000fc
                2370@000031c8: $14 <= 000000fc
                2390@000031cc: $15 <= 000000fc
                2410@000031d0: $16 <= 000000fc
                2430@000031d4: $17 <= 000000fc
                2450@000031d8: $18 <= 000000fc
                2470@000031dc: $19 <= 000000fc
                2490@000031e0: $20 <= 000000fc
                2510@000031e4: $21 <= 000000fc
                2530@000031e8: $22 <= 000000fc
                2550@000031ec: $23 <= 000000fc
                2570@000031f0: $24 <= 000000fc
                2590@000031f4: $25 <= 000000fc
                2610@000031f8: $26 <= 000000fc
                2630@000031fc: $27 <= 000000fc
                2650@00003200: $28 <= 000000fc
                2670@00003204: $29 <= 000000fc
                2690@00003208: $30 <= 000000fc
                2710@0000320c: $31 <= 000000fc
                2730@00003210: $ 4 <= 00003220
                2770@00003214: $15 <= 0000321c
                2790@00003218: $13 <= 0000004c
                2850@00003224: $15 <= 0000005c
                2870@00003228: $ 1 <= 00000000
                2890@0000322c: $ 2 <= 0000004c
                2910@00003230: $ 1 <= 00000041
                2930@00003234: $ 4 <= 00003244
                2970@00003238: $ 0 <= 00003240
                2990@0000323c: $ 0 <= 0000008c
# run 1.00us
                3030@00003248: $16 <= 00000001
                3050@0000324c: $ 1 <= 000000fc
                3070@00003250: $ 2 <= 0000004c
                3090@00003254: $ 4 <= 00003264
                3130@00003258: $19 <= 00003260
                3150@0000325c: $19 <= 00000018
                3430@00003268: $19 <= 00000030
                3450@0000326c: $ 1 <= 00000001
                3470@00003270: $ 2 <= 00000000
                3490@00003274: $ 2 <= 00000030
                3510@00003278: $ 4 <= 00003288
                3550@0000327c: $15 <= 00003284
                3570@00003280: $14 <= 00000090
                3850@0000328c: $14 <= 00000ca1
                3870@00003290: $ 1 <= 00000059
                3890@00003294: $ 2 <= 00000074
                3910@00003298: $ 4 <= 000032a8
                3950@0000329c: $ 0 <= 000032a4
                3970@000032a0: $ 0 <= 00000020
# run 1.00us
                4130@000032ac: $ 0 <= 0000003f
                4150@000032b0: $ 1 <= 0000f810
                4170@000032b4: $ 2 <= 00000000
                4190@000032b8: $ 2 <= 00000089
                4210@000032bc: $ 4 <= 000032cc
                4250@000032c0: $20 <= 000032c8
                4270@000032c4: $20 <= 000000ac
                4450@000032d0: $20 <= 000000b8
                4470@000032d4: $ 1 <= 00007390
                4490@000032d8: $ 2 <= 00000000
                4510@000032dc: $ 2 <= 000000b9
                4530@000032e0: $ 4 <= 000032f0
                4570@000032e4: $15 <= 000032ec
                4590@000032e8: $15 <= 00000040
                4650@000032f4: $15 <= 00000068
                4670@000032f8: $ 1 <= 00007390
                4690@000032fc: $ 2 <= 00000040
                4710@00003300: $ 4 <= 00003310
                4750@00003304: $19 <= 0000330c
                4770@00003308: $ 0 <= 000000b8
                4810@00003314: $19 <= 000000bc
                4830@00003318: $ 1 <= 0000330c
                4850@0000331c: $ 2 <= 00000040
                4870@00003320: $ 4 <= 00003330
                4910@00003324: $21 <= 0000332c
                4930@00003328: $21 <= 000000c4
# run 1.00us
                5190@00003334: *00000168 <= 000000c4
                5230@00003338: $ 1 <= 00000001
                5250@0000333c: $ 2 <= 00000000
                5270@00003340: $ 2 <= 00000055
                5290@00003344: $ 4 <= 00003354
                5330@00003348: $15 <= 00003350
                5350@0000334c: $16 <= 00000034
                5590@00003358: *00000154 <= 00003350
                5630@0000335c: $ 1 <= 00000001
                5650@00003360: $ 2 <= 00000000
                5670@00003364: $ 2 <= 0000002d
                5690@00003368: $ 4 <= 00003378
                5730@0000336c: $ 0 <= 00003374
                5750@00003370: $22 <= 000000c0
                5910@0000337c: *00000148 <= 00000000
                5950@00003380: $ 1 <= 00000000
                5970@00003384: $ 2 <= 00000000
                5990@00003388: $ 1 <= 000000f4
# run 1.00us
                6010@0000338c: $ 2 <= 00000030
                6030@00003390: $ 4 <= 000033a0
                6070@00003394: $22 <= 0000339c
                6090@00003398: $22 <= 000000c8
                6290@000033a8: $ 1 <= 00009c40
                6310@000033ac: $ 2 <= 000000c8
                6330@000033b0: $ 4 <= 000033c0
                6370@000033b4: $15 <= 000033bc
                6390@000033b8: $17 <= 00000020
                6690@000033c8: $ 1 <= 00000001
                6710@000033cc: $ 2 <= 00000000
                6730@000033d0: $ 2 <= 000000b3
                6750@000033d4: $ 4 <= 000033e4
                6790@000033d8: $ 3 <= 000033e0
                6810@000033dc: $ 0 <= 00000010
# run 1.00us
                7210@000033ec: $ 1 <= 00000000
                7230@000033f0: $ 2 <= 00000000
                7250@000033f4: $ 1 <= 0000006f
                7270@000033f8: $ 2 <= 000000f0
                7290@000033fc: $ 4 <= 0000340c
                7330@00003400: $23 <= 00003408
                7350@00003404: $23 <= ffffff98
                7550@00003414: $23 <= ffffff99
                7570@0000341c: $ 1 <= 00002a40
                7590@00003420: $ 2 <= ffffff30
                7610@00003424: $ 4 <= 00003434
                7650@00003428: $15 <= 00003430
                7670@0000342c: $15 <= 00000098
                7730@0000343c: $18 <= 00000001
                7750@00003444: $ 1 <= 00002a40
                7770@00003448: $ 2 <= 000000fc
                7790@0000344c: $ 4 <= 0000345c
                7830@00003450: $15 <= 00003458
                7850@00003454: $ 0 <= 00000008
                7910@00003464: $15 <= 00003459
                7930@0000346c: $ 1 <= 00000000
                7950@00003470: $ 2 <= 000000fc
                7970@00003474: $ 1 <= 00000050
                7990@00003478: $ 4 <= 00003488
# run 1.00us
                8030@0000347c: $24 <= 00003484
                8050@00003480: $24 <= 00000080
                8350@00003490: $24 <= 00000001
                8370@00003494: $ 0 <= 00000002
                8390@00003498: $ 1 <= 00000001
                8410@0000349c: $ 2 <= 00000000
                8430@000034a0: $ 2 <= 00000034
                8450@000034a4: $ 4 <= 000034b4
                8490@000034a8: $15 <= 000034b0
                8510@000034ac: $19 <= 00000054
                8810@000034bc: $19 <= 00000055
                8830@000034c0: $19 <= 00000056
                8850@000034c4: $ 1 <= 00000000
                8870@000034c8: $ 2 <= 00000054
                8890@000034cc: $ 1 <= 00000090
                8910@000034d0: $ 4 <= 000034e0
                8950@000034d4: $23 <= 000034dc
                8970@000034d8: $ 0 <= ffffffb4
# run 1.00us
                9150@000034e8: $23 <= 00000001
                9170@000034ec: $ 0 <= 00000002
                9190@000034f0: $ 1 <= 00000000
                9210@000034f4: $ 2 <= 00000000
                9230@000034f8: $ 1 <= 000000e4
                9250@000034fc: $ 2 <= 00000030
                9270@00003500: $ 4 <= 00003510
                9310@00003504: $25 <= 0000350c
                9330@00003508: $25 <= 00000088
                9530@00003518: $25 <= 00000089
                9550@00003520: $ 1 <= 00004840
                9570@00003524: $ 2 <= 00000000
                9590@00003528: $ 2 <= 0000006b
                9610@0000352c: $ 4 <= 0000353c
                9650@00003530: $15 <= 00003538
                9670@00003534: $15 <= 00000080
                9750@00003544: $15 <= 00000081
                9770@0000354c: $ 1 <= 00004840
                9790@00003550: $ 2 <= 00000080
                9810@00003554: $ 4 <= 00003564
                9850@00003558: $ 0 <= 00003560
                9870@0000355c: $ 0 <= 00000054
                9930@0000356c: $ 0 <= 00000001
                9950@00003570: $ 0 <= 00000001
                9970@00003574: $ 1 <= 00000080
                9990@00003578: $ 2 <= 00000080
